Using pre-set license
Built from '2021.3/staging' branch; Version is '2021.3.22f1 (b6c551784ba3) revision 11978065'; Using compiler version '192829333'; Build Type 'Release'
OS: 'Windows 10  (10.0.19045) 64bit Professional' Language: 'en' Physical Memory: 32656 MB
BatchMode: 1, IsHumanControllingUs: 0, StartBugReporterOnCrash: 0, Is64bit: 1, IsPro: 1

COMMAND LINE ARGUMENTS:
K:\Unity\2021.3.22f1\Editor\Unity.exe
-adb2
-batchMode
-noUpm
-name
AssetImportWorker0
-projectPath
C:/Users/Kevin/Desktop/unity agem theing/Fighter Planes
-logFile
Logs/AssetImportWorker0.log
-srvPort
57625
Successfully changed project path to: C:/Users/Kevin/Desktop/unity agem theing/Fighter Planes
C:/Users/Kevin/Desktop/unity agem theing/Fighter Planes
[UnityMemory] Configuration Parameters - Can be set up in boot.config
    "memorysetup-bucket-allocator-granularity=16"
    "memorysetup-bucket-allocator-bucket-count=8"
    "memorysetup-bucket-allocator-block-size=33554432"
    "memorysetup-bucket-allocator-block-count=8"
    "memorysetup-main-allocator-block-size=16777216"
    "memorysetup-thread-allocator-block-size=16777216"
    "memorysetup-gfx-main-allocator-block-size=16777216"
    "memorysetup-gfx-thread-allocator-block-size=16777216"
    "memorysetup-cache-allocator-block-size=4194304"
    "memorysetup-typetree-allocator-block-size=2097152"
    "memorysetup-profiler-bucket-allocator-granularity=16"
    "memorysetup-profiler-bucket-allocator-bucket-count=8"
    "memorysetup-profiler-bucket-allocator-block-size=33554432"
    "memorysetup-profiler-bucket-allocator-block-count=8"
    "memorysetup-profiler-allocator-block-size=16777216"
    "memorysetup-profiler-editor-allocator-block-size=1048576"
    "memorysetup-temp-allocator-size-main=16777216"
    "memorysetup-job-temp-allocator-block-size=2097152"
    "memorysetup-job-temp-allocator-block-size-background=1048576"
    "memorysetup-job-temp-allocator-reduction-small-platforms=262144"
    "memorysetup-temp-allocator-size-background-worker=32768"
    "memorysetup-temp-allocator-size-job-worker=262144"
    "memorysetup-temp-allocator-size-preload-manager=33554432"
    "memorysetup-temp-allocator-size-nav-mesh-worker=65536"
    "memorysetup-temp-allocator-size-audio-worker=65536"
    "memorysetup-temp-allocator-size-cloud-worker=32768"
    "memorysetup-temp-allocator-size-gi-baking-worker=262144"
    "memorysetup-temp-allocator-size-gfx=262144"
Player connection [7492] Host "[IP] 10.200.75.80 [Port] 0 [Flags] 2 [Guid] 2731850886 [EditorId] 2731850886 [Version] 1048832 [Id] WindowsEditor(7,DESKTOP-O14NI5R) [Debug] 1 [PackageName] WindowsEditor [ProjectName] Editor" joined multi-casting on [225.0.0.222:54997]...

Player connection [7492] Host "[IP] 10.200.75.80 [Port] 0 [Flags] 2 [Guid] 2731850886 [EditorId] 2731850886 [Version] 1048832 [Id] WindowsEditor(7,DESKTOP-O14NI5R) [Debug] 1 [PackageName] WindowsEditor [ProjectName] Editor" joined alternative multi-casting on [225.0.0.222:34997]...

Refreshing native plugins compatible for Editor in 69.77 ms, found 3 plugins.
Preloading 0 native plugins for Editor in 0.00 ms.
Initialize engine version: 2021.3.22f1 (b6c551784ba3)
[Subsystems] Discovering subsystems at path K:/Unity/2021.3.22f1/Editor/Data/Resources/UnitySubsystems
[Subsystems] Discovering subsystems at path C:/Users/Kevin/Desktop/unity agem theing/Fighter Planes/Assets
GfxDevice: creating device client; threaded=0; jobified=0
Direct3D:
    Version:  Direct3D 11.0 [level 11.1]
    Renderer: NVIDIA GeForce GTX 1080 (ID=0x1b80)
    Vendor:   NVIDIA
    VRAM:     8072 MB
    Driver:   31.0.15.3734
Initialize mono
Mono path[0] = 'K:/Unity/2021.3.22f1/Editor/Data/Managed'
Mono path[1] = 'K:/Unity/2021.3.22f1/Editor/Data/MonoBleedingEdge/lib/mono/unityjit-win32'
Mono config path = 'K:/Unity/2021.3.22f1/Editor/Data/MonoBleedingEdge/etc'
Using monoOptions --debugger-agent=transport=dt_socket,embedding=1,server=y,suspend=n,address=127.0.0.1:56184
Begin MonoManager ReloadAssembly
Registering precompiled unity dll's ...
Register platform support module: K:/Unity/2021.3.22f1/Editor/Data/PlaybackEngines/WindowsStandaloneSupport/UnityEditor.WindowsStandalone.Extensions.dll
Registered in 0.003071 seconds.
Native extension for WindowsStandalone target not found
Refreshing native plugins compatible for Editor in 61.45 ms, found 3 plugins.
Preloading 0 native plugins for Editor in 0.00 ms.
Mono: successfully reloaded assembly
- Completed reload, in  0.544 seconds
Domain Reload Profiling:
	ReloadAssembly (545ms)
		BeginReloadAssembly (73ms)
			ExecutionOrderSort (0ms)
			DisableScriptedObjects (0ms)
			BackupInstance (0ms)
			ReleaseScriptingObjects (0ms)
			CreateAndSetChildDomain (1ms)
		EndReloadAssembly (398ms)
			LoadAssemblies (72ms)
			RebuildTransferFunctionScriptingTraits (0ms)
			SetupTypeCache (97ms)
			ReleaseScriptCaches (0ms)
			RebuildScriptCaches (25ms)
			SetupLoadedEditorAssemblies (233ms)
				LogAssemblyErrors (0ms)
				InitializePlatformSupportModulesInManaged (7ms)
				SetLoadedEditorAssemblies (0ms)
				RefreshPlugins (62ms)
				BeforeProcessingInitializeOnLoad (1ms)
				ProcessInitializeOnLoadAttributes (121ms)
				ProcessInitializeOnLoadMethodAttributes (42ms)
				AfterProcessingInitializeOnLoad (0ms)
				EditorAssembliesLoaded (0ms)
			ExecutionOrderSort2 (0ms)
			AwakeInstancesAfterBackupRestoration (0ms)
Platform modules already initialized, skipping
Registering precompiled user dll's ...
Registered in 0.009042 seconds.
Begin MonoManager ReloadAssembly
Symbol file LoadedFromMemory doesn't match image C:\Users\Kevin\Desktop\unity agem theing\Fighter Planes\Library\PackageCache\com.unity.visualscripting@1.8.0\Editor\VisualScripting.Core\Dependencies\YamlDotNet\Unity.VisualScripting.YamlDotNet.dll
Symbol file LoadedFromMemory doesn't match image C:\Users\Kevin\Desktop\unity agem theing\Fighter Planes\Library\PackageCache\com.unity.visualscripting@1.8.0\Editor\VisualScripting.Core\Dependencies\DotNetZip\Unity.VisualScripting.IonicZip.dll
Native extension for WindowsStandalone target not found
Refreshing native plugins compatible for Editor in 0.44 ms, found 3 plugins.
Preloading 0 native plugins for Editor in 0.00 ms.
Mono: successfully reloaded assembly
- Completed reload, in  0.859 seconds
Domain Reload Profiling:
	ReloadAssembly (860ms)
		BeginReloadAssembly (111ms)
			ExecutionOrderSort (0ms)
			DisableScriptedObjects (6ms)
			BackupInstance (0ms)
			ReleaseScriptingObjects (0ms)
			CreateAndSetChildDomain (19ms)
		EndReloadAssembly (664ms)
			LoadAssemblies (83ms)
			RebuildTransferFunctionScriptingTraits (0ms)
			SetupTypeCache (201ms)
			ReleaseScriptCaches (1ms)
			RebuildScriptCaches (40ms)
			SetupLoadedEditorAssemblies (312ms)
				LogAssemblyErrors (0ms)
				InitializePlatformSupportModulesInManaged (4ms)
				SetLoadedEditorAssemblies (0ms)
				RefreshPlugins (0ms)
				BeforeProcessingInitializeOnLoad (68ms)
				ProcessInitializeOnLoadAttributes (219ms)
				ProcessInitializeOnLoadMethodAttributes (17ms)
				AfterProcessingInitializeOnLoad (3ms)
				EditorAssembliesLoaded (0ms)
			ExecutionOrderSort2 (0ms)
			AwakeInstancesAfterBackupRestoration (7ms)
Platform modules already initialized, skipping
========================================================================
Worker process is ready to serve import requests
Launched and connected shader compiler UnityShaderCompiler.exe after 0.05 seconds
Refreshing native plugins compatible for Editor in 0.58 ms, found 3 plugins.
Preloading 0 native plugins for Editor in 0.00 ms.
Unloading 3066 Unused Serialized files (Serialized files now loaded: 0)
Unloading 34 unused Assets / (0.7 MB). Loaded Objects now: 3516.
Memory consumption went from 109.8 MB to 109.1 MB.
Total: 4.074800 ms (FindLiveObjects: 0.342400 ms CreateObjectMapping: 0.079600 ms MarkObjects: 3.282700 ms  DeleteObjects: 0.368600 ms)

AssetImportParameters requested are different than current active one (requested -> active):
  custom:video-decoder-ogg-theora: a1e56fd34408186e4bbccfd4996cb3dc -> 
  custom:container-muxer-webm: aa71ff27fc2769a1b78a27578f13a17b -> 
  custom:container-demuxer-webm: 4f35f7cbe854078d1ac9338744f61a02 -> 
  custom:video-encoder-webm-vp8: eb34c28f22e8b96e1ab97ce403110664 -> 
  custom:audio-encoder-webm-vorbis: bf7c407c2cedff20999df2af8eb42d56 -> 
  custom:framework-win-MediaFoundation: 216162199b28c13a410421893ffa2e32 -> 
  custom:container-demuxer-ogg: 62fdf1f143b41e24485cea50d1cbac27 -> 
  custom:video-decoder-webm-vp8: 9c59270c3fd7afecdb556c50c9e8de78 -> 
  custom:audio-decoder-ogg-vorbis: bf7c407c2cedff20999df2af8eb42d56 -> 
========================================================================
Received Import Request.
  Time since last request: 461094.484087 seconds.
  path: Assets/Fighter Planes Assets/Sprites/Coin/frame-1.png
  artifactKey: Guid(105e4b99128e56940ab819b31669f0e7) Importer(815301076,1909f56bfc062723c751e8b465ee728b)
Start importing Assets/Fighter Planes Assets/Sprites/Coin/frame-1.png using Guid(105e4b99128e56940ab819b31669f0e7) Importer(815301076,1909f56bfc062723c751e8b465ee728b)  -> (artifact id: '9133ae64d8c487f5e2df75f8034929a0') in 0.107433 seconds 
========================================================================
Received Import Request.
  Time since last request: 2.221572 seconds.
  path: Assets/Fighter Planes Assets/Sprites/Coin/frame-10.png
  artifactKey: Guid(16ef981dfc9af464992ca3a7a0d8c555) Importer(815301076,1909f56bfc062723c751e8b465ee728b)
Start importing Assets/Fighter Planes Assets/Sprites/Coin/frame-10.png using Guid(16ef981dfc9af464992ca3a7a0d8c555) Importer(815301076,1909f56bfc062723c751e8b465ee728b)  -> (artifact id: 'f0da879fc58935be70141a22ef9a4401') in 0.012233 seconds 
========================================================================
Received Import Request.
  Time since last request: 3.308959 seconds.
  path: Assets/Fighter Planes Assets/Sprites/Coin/frame-5.png
  artifactKey: Guid(60c090d919b81254c831b23620000c8b) Importer(815301076,1909f56bfc062723c751e8b465ee728b)
Start importing Assets/Fighter Planes Assets/Sprites/Coin/frame-5.png using Guid(60c090d919b81254c831b23620000c8b) Importer(815301076,1909f56bfc062723c751e8b465ee728b)  -> (artifact id: '0913c2bba5f56ace887a91855df07098') in 0.011306 seconds 
========================================================================
Received Import Request.
  Time since last request: 16.091706 seconds.
  path: Assets/Fighter Planes Assets/Sprites/Coin/frame-3.png
  artifactKey: Guid(8d77b90adce59db42a298f146eebf5f1) Importer(815301076,1909f56bfc062723c751e8b465ee728b)
Start importing Assets/Fighter Planes Assets/Sprites/Coin/frame-3.png using Guid(8d77b90adce59db42a298f146eebf5f1) Importer(815301076,1909f56bfc062723c751e8b465ee728b)  -> (artifact id: 'b10a66f5314121d64bf64af657fe8231') in 0.051866 seconds 
========================================================================
Received Import Request.
  Time since last request: 3.861573 seconds.
  path: Assets/Fighter Planes Assets/Sprites/Coin/frame-1.png
  artifactKey: Guid(105e4b99128e56940ab819b31669f0e7) Importer(815301076,1909f56bfc062723c751e8b465ee728b)
Start importing Assets/Fighter Planes Assets/Sprites/Coin/frame-1.png using Guid(105e4b99128e56940ab819b31669f0e7) Importer(815301076,1909f56bfc062723c751e8b465ee728b)  -> (artifact id: 'e4dcb26e6d48e8932e54f93961f87e05') in 0.021755 seconds 
========================================================================
Received Import Request.
  Time since last request: 15.181024 seconds.
  path: Assets/Prefabs/frame-1.prefab
  artifactKey: Guid(e98a9f18a03e34e42bc8565144839e1f) Importer(815301076,1909f56bfc062723c751e8b465ee728b)
Start importing Assets/Prefabs/frame-1.prefab using Guid(e98a9f18a03e34e42bc8565144839e1f) Importer(815301076,1909f56bfc062723c751e8b465ee728b)  -> (artifact id: '32943d8544a7701885d5c18e67509b06') in 0.071567 seconds 
========================================================================
Received Import Request.
  Time since last request: 16.339527 seconds.
  path: Assets/Prefabs/Coin.prefab
  artifactKey: Guid(e98a9f18a03e34e42bc8565144839e1f) Importer(815301076,1909f56bfc062723c751e8b465ee728b)
Start importing Assets/Prefabs/Coin.prefab using Guid(e98a9f18a03e34e42bc8565144839e1f) Importer(815301076,1909f56bfc062723c751e8b465ee728b)  -> (artifact id: '30446141c4befb0ca6563f05b8c94d6e') in 0.012206 seconds 
========================================================================
Received Import Request.
  Time since last request: 61.106201 seconds.
  path: Assets/Fighter Planes Assets/Sprites/Coin/frame-5.png
  artifactKey: Guid(60c090d919b81254c831b23620000c8b) Importer(815301076,1909f56bfc062723c751e8b465ee728b)
Start importing Assets/Fighter Planes Assets/Sprites/Coin/frame-5.png using Guid(60c090d919b81254c831b23620000c8b) Importer(815301076,1909f56bfc062723c751e8b465ee728b)  -> (artifact id: '6bc88dcf36027cb7ff6e926c9f736cb0') in 0.020600 seconds 
========================================================================
Received Import Request.
  Time since last request: 63.490924 seconds.
  path: Assets/Fighter Planes Assets/Sprites/Coin/frame-2.png
  artifactKey: Guid(a36e7754b24e9a644a0d2a22b1a66743) Importer(815301076,1909f56bfc062723c751e8b465ee728b)
Start importing Assets/Fighter Planes Assets/Sprites/Coin/frame-2.png using Guid(a36e7754b24e9a644a0d2a22b1a66743) Importer(815301076,1909f56bfc062723c751e8b465ee728b)  -> (artifact id: 'e0dbb179e5d606d64ebb548c81fc67d1') in 0.027357 seconds 
========================================================================
Received Import Request.
  Time since last request: 0.000020 seconds.
  path: Assets/Fighter Planes Assets/Sprites/Coin/frame-8.png
  artifactKey: Guid(d167beeb6c28340439e9b78eb7379503) Importer(815301076,1909f56bfc062723c751e8b465ee728b)
Start importing Assets/Fighter Planes Assets/Sprites/Coin/frame-8.png using Guid(d167beeb6c28340439e9b78eb7379503) Importer(815301076,1909f56bfc062723c751e8b465ee728b)  -> (artifact id: '9f762cdf333fe0e71b61d67aba170296') in 0.024260 seconds 
========================================================================
Received Import Request.
  Time since last request: 0.000028 seconds.
  path: Assets/Fighter Planes Assets/Sprites/Coin/frame-10.png
  artifactKey: Guid(16ef981dfc9af464992ca3a7a0d8c555) Importer(815301076,1909f56bfc062723c751e8b465ee728b)
Start importing Assets/Fighter Planes Assets/Sprites/Coin/frame-10.png using Guid(16ef981dfc9af464992ca3a7a0d8c555) Importer(815301076,1909f56bfc062723c751e8b465ee728b)  -> (artifact id: 'c0c574849a7237e1233108f0225ec5b5') in 0.021420 seconds 
========================================================================
Received Import Request.
  Time since last request: 0.000020 seconds.
  path: Assets/Fighter Planes Assets/Sprites/Coin/frame-6.png
  artifactKey: Guid(1394c386a5aa1034694ee2b0694404e4) Importer(815301076,1909f56bfc062723c751e8b465ee728b)
Start importing Assets/Fighter Planes Assets/Sprites/Coin/frame-6.png using Guid(1394c386a5aa1034694ee2b0694404e4) Importer(815301076,1909f56bfc062723c751e8b465ee728b)  -> (artifact id: '31e634845b64f4ba01ed18e399c409be') in 0.023019 seconds 
========================================================================
Received Import Request.
  Time since last request: 0.000021 seconds.
  path: Assets/Fighter Planes Assets/Sprites/Coin/frame-7.png
  artifactKey: Guid(bb5ad3c49415f6d488b3225b7c436028) Importer(815301076,1909f56bfc062723c751e8b465ee728b)
Start importing Assets/Fighter Planes Assets/Sprites/Coin/frame-7.png using Guid(bb5ad3c49415f6d488b3225b7c436028) Importer(815301076,1909f56bfc062723c751e8b465ee728b)  -> (artifact id: '453894e2a8164b344a1125ee8569ab5e') in 0.022593 seconds 
========================================================================
Received Import Request.
  Time since last request: 0.000019 seconds.
  path: Assets/Fighter Planes Assets/Sprites/Coin/frame-9.png
  artifactKey: Guid(7ce2f04a9c950524fbe49ebfb677670d) Importer(815301076,1909f56bfc062723c751e8b465ee728b)
Start importing Assets/Fighter Planes Assets/Sprites/Coin/frame-9.png using Guid(7ce2f04a9c950524fbe49ebfb677670d) Importer(815301076,1909f56bfc062723c751e8b465ee728b)  -> (artifact id: '01f6f00f09702f7844c9e268d5ace63f') in 0.022253 seconds 
Editor requested this worker to shutdown with reason: Scaling down because of idle timeout
AssetImportWorker is now disconnected from the server
Process exiting
Exiting without the bug reporter. Application will terminate with return code 0